<?xml version="1.0" encoding="UTF-8"?>
<testng-results skipped="0" failed="0" ignored="0" total="1" passed="1">
  <reporter-output>
  </reporter-output>
  <suite name="Default suite" duration-ms="39946" started-at="2017-06-11T20:05:03Z" finished-at="2017-06-11T20:05:43Z">
    <groups>
    </groups>
    <test name="Default test" duration-ms="39946" started-at="2017-06-11T20:05:03Z" finished-at="2017-06-11T20:05:43Z">
      <class name="automationFramework.MainExecution">
        <test-method status="PASS" signature="suiteSetUp()[pri:0, instance:automationFramework.MainExecution@520a3426]" name="suiteSetUp" is-config="true" duration-ms="159" started-at="2017-06-12T01:35:03Z" finished-at="2017-06-12T01:35:04Z">
          <reporter-output>
          </reporter-output>
        </test-method> <!-- suiteSetUp -->
        <test-method status="PASS" signature="testcaseEight()[pri:0, instance:automationFramework.MainExecution@520a3426]" name="testcaseEight" duration-ms="39549" started-at="2017-06-12T01:35:04Z" finished-at="2017-06-12T01:35:43Z">
          <reporter-output>
          </reporter-output>
        </test-method> <!-- testcaseEight -->
        <test-method status="PASS" signature="suiteTearDown()[pri:0, instance:automationFramework.MainExecution@520a3426]" name="suiteTearDown" is-config="true" duration-ms="218" started-at="2017-06-12T01:35:43Z" finished-at="2017-06-12T01:35:43Z">
          <reporter-output>
          </reporter-output>
        </test-method> <!-- suiteTearDown -->
      </class> <!-- automationFramework.MainExecution -->
    </test> <!-- Default test -->
  </suite> <!-- Default suite -->
</testng-results>
