<?xml version="1.0" encoding="UTF-8"?>
<!-- Generated by org.testng.reporters.JUnitXMLReporter -->
<testsuite hostname="Admin" ignored="0" name="Default test" tests="8" failures="0" timestamp="13 Jun 2017 10:32:42 GMT" time="756.867" errors="0">
  <testcase name="testcaseEight" time="113.357" classname="automationFramework.MainExecution"/>
  <testcase name="testcaseFive" time="120.144" classname="automationFramework.MainExecution"/>
  <testcase name="testcaseFour" time="108.06" classname="automationFramework.MainExecution"/>
  <testcase name="testcaseOne" time="45.502" classname="automationFramework.MainExecution"/>
  <testcase name="testcaseSeven" time="111.647" classname="automationFramework.MainExecution"/>
  <testcase name="testcaseSix" time="99.778" classname="automationFramework.MainExecution"/>
  <testcase name="testcaseThree" time="88.706" classname="automationFramework.MainExecution"/>
  <testcase name="testcaseTwo" time="68.536" classname="automationFramework.MainExecution"/>
</testsuite> <!-- Default test -->
